/Users/ramonmoreira/.pyenv/versions/3.11.6/lib/python3.11/site-packages/mlflow/protos/service_pb2.py:11: UserWarning: google.protobuf.service module is deprecated. RPC implementations should provide code generator plugins which generate code specific to the RPC implementation. service.py will be removed in Jan 2025
  from google.protobuf import service as _service

================================================================================
🧪 EXPERIMENTO: FEATURES TEMPORAIS DE MEDIUM
================================================================================

🔧 CONFIGURAÇÃO:
   Matching: email_telefone
   Split: temporal
   Features: densidade_7d, densidade_30d, tendência, rank
================================================================================

📤 CÉLULA 1: LEITURA DE ARQUIVOS
Arquivos encontrados: 38
   1. [LF01] Leads_Pesquisa.xlsx
   2. [LF02] Leads_Pesquisa.xlsx
   3. [LF03] Leads_Pesquisa.xlsx
   4. [LF04] Leads_Pesquisa.xlsx
   5. [LF05] Leads_Pesquisa.xlsx
   6. [LF06] Leads_Pesquisa.xlsx
   7. [LF07] Leads_Pesquisa.xlsx
   8. [LF08] Pesquisa.xlsx
   9. [LF] Pesquisa - Mai25 33.xlsx
   10. [LF] Pesquisa - Mai25-3.xlsx
   11. [LF] Pesquisa 31.xlsx
   12. GURU VENDAS 2025.xlsx
   13. LEAD SCORE LF 11.xlsx
   14. LEAD SCORE LF 12.xlsx
   15. LEAD SCORE LF 13.xlsx
   16. LEAD SCORE LF 14.xlsx
   17. LEAD SCORE LF 15.xlsx
   18. LEAD SCORE LF 16.xlsx
   19. LEAD SCORE LF 17.xlsx
   20. LEAD SCORE LF 18.xlsx
   21. LEAD SCORE LF 19.xlsx
   22. LEAD SCORE LF 20.xlsx
   23. LEAD SCORE LF 21.xlsx
   24. Lead Score LF 22.xlsx
   25. Lead score LF 24.xlsx
   26. Lead Score LF 26.xlsx
   27. Leads Score LF 25.xlsx
   28. LF 29 LEADS SCORE.xlsx
   29. LF 34 Leads Score.xlsx
   30. LF Lead Score 23.xlsx
   31. LF Lead Score 27.xlsx
   32. LF Lead score 28.xlsx
   33. LF Lead Score 32.xlsx
   34. LF LEADS SCORE 30.xlsx
   35. LF10 Lead Score.xlsx
   36. vendas_guru_1.1.xlsx
   37. vendas_guru_2.1.xlsx
   38. vendas_guru_2.2.xlsx

✅ Total de abas lidas: 215
Primeiras 5 abas:
   1. [LF01] Leads_Pesquisa.xlsx → Leads: (7822, 8)
   2. [LF01] Leads_Pesquisa.xlsx → Pesquisa: (6929, 31)
   3. [LF01] Leads_Pesquisa.xlsx → Pontuação: (100, 26)
   4. [LF01] Leads_Pesquisa.xlsx → Alunos: (999, 2)
   5. [LF01] Leads_Pesquisa.xlsx → Pontuação 3.0: (190, 26)

🔄 CÉLULA 2: FILTRAGEM + DUPLICATAS
Abas após filtragem: 38 (eram 38)
Removidas: 0
✅ Duplicatas removidas

🧹 CÉLULA 3: REMOÇÃO DE COLUNAS

📦 CÉLULA 4: CONSOLIDAÇÃO

✅ Consolidação completa:
   📊 Pesquisa (Leads): (151511, 26)
   📊 Vendas: (3618, 12)

   Colunas Pesquisa (26): ['Data', 'Nome Completo', 'E-mail', 'Telefone', 'O seu gênero:', 'Qual a sua idade?', 'O que você faz atualmente?', 'Atualmente, qual a sua faixa salarial?', 'Qual o seu nível em programação?', 'Já investiu em algum curso online para aprender uma nova forma de ganhar dinheiro? ', 'O que mais te chama atenção na profissão de Programador? ', 'Source', 'Campaign', 'Medium', 'Content', 'Term', ' ', 'arquivo_origem', 'aba_origem', 'Você possui cartão de crédito?', 'O que mais você quer ver no evento?', 'Tem computador/notebook?', 'Já estudou programação?', 'Você já fez/faz/pretende fazer faculdade?', 'Já investiu em algum curso online para aprender uma nova forma de ganhar dinheiro?', 'O que mais te chama atenção na profissão de Programador?']

🔗 CÉLULA 5: UNIFICAÇÃO DE COLUNAS
PESQUISA - Colunas duplicadas identificadas:
  Já investiu em algum curso online para aprender uma nova forma de ganhar dinheiro? 
  Já investiu em algum curso online para aprender uma nova forma de ganhar dinheiro?

  O que mais te chama atenção na profissão de Programador? 
  O que mais te chama atenção na profissão de Programador?

VENDAS - Unificando colunas:
  valor produtos → valor
  nome produto → produto
  nome contato → nome
  email contato → email
  data aprovacao → data
  telefone contato → telefone

VENDAS - Removendo colunas UTM com alta porcentagem de ausentes:
✅ Colunas unificadas: (151511, 26) → (151511, 24)

📋 CÉLULA 7: CATEGORIAS
Aplicando limpeza e unificação completa...

1. Unificando interesse_programacao...
   Resultado: 5 valores únicos

2. Unificando Tem computador/notebook?...
   Resultado: 2 valores únicos

3. Unificando O que mais você quer ver no evento?...
   Resultado: 5 valores únicos

4. Unificando Você possui cartão de crédito?...
   Resultado: 2 valores únicos

5. Unificando Atualmente, qual a sua faixa salarial?...
   Resultado: 5 valores únicos

6. Unificando O que você faz atualmente?...
   Resultado: 9 valores únicos

7. Unificando Qual a sua idade?...
   Resultado: 6 valores únicos

RESULTADO FINAL:
Dataset unificado: 151511 registros, 24 colunas
✅ Categorias unificadas: (151511, 24) → (151511, 24)

🗑️  CÉLULA 8: REMOÇÃO DE FEATURES
Dataset inicial: 151511 registros, 24 colunas

DEBUG - Análise de nomes de colunas:
--------------------------------------------------
  15. ' '                            - PROBLEMA: APENAS_ESPACOS

Features marcadas para remoção:
  - Campaign
  - Content
  -  

Colunas encontradas e removidas:
  ✓ Campaign removida
  ✓ Content removida
  ✓   removida

Dataset final: 151511 registros, 21 colunas
Colunas removidas: 3
✅ Features removidas: (151511, 24) → (151511, 21)
   Colunas removidas (3): [' ', 'Campaign', 'Content']

🏷️  CÉLULA 10: UTM SOURCE/TERM
Dataset inicial: 151511 registros

1. UNIFICANDO COLUNA SOURCE:
-----------------------------------
Valores únicos antes: 7
Distribuição antes:
  facebook-ads              137,494 ( 90.7%)
  google-ads                11,572 (  7.6%)
  nan                        1,892 (  1.2%)
  fb                           548 (  0.4%)
  teste                          2 (  0.0%)
  [field id="utm_source"]        1 (  0.0%)
  facebook-ads-SiteLink          1 (  0.0%)
  utm_source                     1 (  0.0%)

Após unificação:
Valores únicos depois: 3
  facebook-ads              137,494 ( 90.7%)
  google-ads                11,572 (  7.6%)
  nan                        1,892 (  1.2%)
  outros                       553 (  0.4%)

2. UNIFICANDO COLUNA TERM:
-----------------------------------
Valores únicos antes: 271
Distribuição antes (top 10):
  ig                                  102,406 ( 67.6%)
  fb                                  34,199 ( 22.6%)
  22527413714--180108372678--750940275538  4,723 (  3.1%)
  22527413657--179264823996--750940275529  2,876 (  1.9%)
  nan                                  1,900 (  1.3%)
  22521023178--174450244690--750940275532    890 (  0.6%)
  {{site_source_name}}                   790 (  0.5%)
  22451610660--179723795642--747241373657    657 (  0.4%)
  22451610660--179723795642--747241373663    182 (  0.1%)
  22243154059--174356534785--733065130069    158 (  0.1%)

Após unificação:
Valores únicos depois: 3
  instagram                 102,406 ( 67.6%)
  facebook                  34,199 ( 22.6%)
  outros                    13,006 (  8.6%)
  nan                        1,900 (  1.3%)

RESULTADO FINAL:
Dataset: 151511 registros, 21 colunas
✅ UTM Source/Term unificados: (151511, 21) → (151511, 21)

📊 Distribuição Source:
Source
facebook-ads    137494
google-ads       11572
outros             553

📊 Distribuição Term:
Term
instagram    102406
facebook      34199
outros        13006

🎯 CÉLULA 11: UTM MEDIUM
Dataset inicial: 151511 registros
Medium - valores únicos antes: 359

Exemplos antes da extração:
  ADV | Linguagem de programação                                           (36,746)
  ADV | Lookalike 2% Cadastrados - DEV 2.0 + Interesses                    (20,769)
  ADV | Lookalike 1% Cadastrados - DEV 2.0 + Interesse Ciência da Comput   (18,160)
  dgen                                                                     (11,459)
  Lookalike 2% Cadastrados - DEV 2.0 + Interesses                          (10,669)
  Aberto                                                                   (6,536)
  ADV | Lookalike 2% Alunos + Interesse Linguagem de Programação           (3,772)
  Lookalike 2% Alunos + Interesse Linguagem de Programação                 (2,889)
  Linguagem de programação                                                 (2,522)
  ABERTO | AD0027                                                          (2,176)

Extraindo públicos...
Medium - valores únicos após extração: 54

Distribuição após extração inicial (top 15):
 1. Linguagem de programação                                       39,535 ( 26.1%)
 2. Lookalike 2% Cadastrados - DEV 2.0 + Interesses                32,294 ( 21.3%)
 3. Lookalike 1% Cadastrados - DEV 2.0 + Interesse Ciência da Co   20,179 ( 13.3%)
 4. ABERTO                                                         15,143 ( 10.0%)
 5. dgen                                                           11,459 (  7.6%)
 6. Aberto                                                          7,801 (  5.1%)
 7. Lookalike 2% Alunos + Interesse Linguagem de Programação        6,816 (  4.5%)
 8. Lookalike 2% Alunos + Interesse Ciência da Computação           2,036 (  1.3%)
 9. nan                                                             1,896 (  1.3%)
10. Lookalike 1% Cadastrados - DEV 2.0 + Interesse Linguagem de     1,715 (  1.1%)
11. Interesse Python (linguagem de programação)                     1,579 (  1.0%)
12. Interesse Programação                                           1,498 (  1.0%)
13. Lookalike Envolvimento 30D + Salvou 180D + Direct 180D + Int    1,460 (  1.0%)
14. Lookalike Envolvimento 30D + Salvou 180D + Direct 180D + Int    1,218 (  0.8%)
15. Interesse Ciência da computação                                   958 (  0.6%)

Identificando públicos similares para unificação...

Grupos similares encontrados para unificação:

Unificando em: 'ABERTO' (22,944 registros)
  'Aberto' (7,801)

Unificando em: 'Lookalike 2% Cadastrados - DEV 2.0   Interesses' (38 registros)
  'Lookalike 2% Cadastrados - DEV 2.0 Interesses' (10)

Unificando em: 'Lookalike 1% Cadastrados - DEV 2.0   Interesse Ciência da Computação' (49 registros)
  'Lookalike 1% Cadastrados - DEV 2.0 Interesse Ciência da Computação' (2)

Aplicando unificações manuais específicas...
  'ABERTO' → 'Aberto' (22,944 registros)

Resultado final:
Medium - valores únicos após unificação: 51
✅ Público extraído: (151511, 21) → (151511, 21)

🏭 CÉLULA 11.1: MEDIUM PRODUÇÃO
Dataset inicial: 151511 registros
Medium - valores únicos antes: 51
Categorias válidas para produção definidas: 8
Categorias descontinuadas identificadas: 4
Mapeamento criado para 50 categorias

Distribuição antes da unificação (top 10):
 1. Linguagem de programação                             39,535 ( 26.1%)
 2. Lookalike 2% Cadastrados - DEV 2.0 + Interesses      32,294 ( 21.3%)
 3. Aberto                                               22,944 ( 15.1%)
 4. Lookalike 1% Cadastrados - DEV 2.0 + Interesse Ciê   20,179 ( 13.3%)
 5. dgen                                                 11,459 (  7.6%)
 6. Lookalike 2% Alunos + Interesse Linguagem de Progr    6,816 (  4.5%)
 7. Lookalike 2% Alunos + Interesse Ciência da Computa    2,036 (  1.3%)
 8. nan                                                   1,896 (  1.3%)
 9. Lookalike 1% Cadastrados - DEV 2.0 + Interesse Lin    1,715 (  1.1%)
10. Interesse Python (linguagem de programação)           1,579 (  1.0%)

Aplicando unificação robusta com tratamento de valores não vistos...
NOVO VALOR NÃO VISTO: 'ADV' → direcionado para 'Outros'
NOVO VALOR NÃO VISTO: 'utm_medium' → direcionado para 'Outros'
Medium - valores únicos após unificação: 8
✅ Medium produção: (151511, 21) → (151511, 21)

📊 Distribuição Medium (8 categorias produção):
   1. Linguagem de programação: 40,241 (26.6%)
   2. Lookalike 2% Cadastrados - DEV 2.0 + Interesses: 32,332 (21.3%)
   3. Aberto: 22,944 (15.1%)
   4. Lookalike 1% Cadastrados - DEV 2.0 + Interesse Ciência da Computação: 20,179 (13.3%)
   5. Outros: 14,146 (9.3%)
   6. dgen: 11,459 (7.6%)
   7. Lookalike 2% Alunos + Interesse Linguagem de Programação: 6,816 (4.5%)
   8. Interesse Programação: 1,498 (1.0%)

📅 CÉLULA 13: PÓS-CUTOFF (2025-03-01)
Dataset original: 151511 registros, 21 colunas
Coluna removida: 'Qual o seu nível em programação?'
Registros pós 2025-03-01: 124557

Features de missing crítico encontradas: 4
  ✓ Já estudou programação?
  ✓ Você já fez/faz/pretende fazer faculdade?
  ✓ Tem computador/notebook?
  ✓ Qual o seu nível em programação?

Features de missing crítico NÃO encontradas: 1
  ✗ Você já fez/faz/pretende fazer

============================================================
VERSÃO 1: MENOR MISSING RATE (pós 2025-03-01)
============================================================
Registros: 124,557
Features críticas MANTIDAS (período com menor missing)

Taxa de missing por coluna (ordenado):
COLUNA                                        VÁLIDOS  MISSING  % MISS 
----------------------------------------------------------------------
arquivo_origem                                124,557  0        0.0    %
aba_origem                                    124,557  0        0.0    %
O seu gênero:                                 124,504  53       0.0    %
Qual a sua idade?                             124,504  53       0.0    %
O que você faz atualmente?                    124,504  53       0.0    %
Atualmente, qual a sua faixa salarial?        124,504  53       0.0    %
Você possui cartão de crédito?                124,504  53       0.0    %
O que mais você quer ver no evento?           124,504  53       0.0    %
Já estudou programação?                       124,504  53       0.0    %
Você já fez/faz/pretende fazer faculdade?     124,504  53       0.0    %
investiu_curso_online                         124,504  53       0.0    %
interesse_programacao                         124,504  53       0.0    %
Nome Completo                                 124,436  121      0.1    %
E-mail                                        124,427  130      0.1    %
Telefone                                      124,421  136      0.1    %
Source                                        123,375  1,182    0.9    %
Medium                                        123,371  1,186    1.0    %
Term                                          123,367  1,190    1.0    %
Tem computador/notebook?                      91,938   32,619   26.2   %

Resumo do dataset pós-cutoff:
  Registros: 124,557
  Colunas: 20
  Missing rate médio: 1.6%

Análise das features críticas:
  Já estudou programação?: 0.0% missing
  Você já fez/faz/pretende fazer faculdade?: 0.0% missing
  Tem computador/notebook?: 26.2% missing
✅ Pós-cutoff: (151511, 21) → (124557, 20)
   Removidos: 26,954 registros

📅 Range de datas:
   Mínima: 2025-03-01 00:00:00
   Máxima: 2025-11-04 16:57:22

🔍 CÉLULA 15: MATCHING (email_telefone)
MATCHING: EMAIL (PRIMÁRIO) + TELEFONE (SECUNDÁRIO)
======================================================================

Processando DATASET V1...
  Emails únicos na pesquisa: 123,887
  Emails únicos nas vendas: 2,302
  Telefones únicos na pesquisa (≥10 dígitos): 122,241
  Telefones únicos nas vendas (≥10 dígitos): 2,274

📧 MATCHES POR EMAIL: 651
📞 MATCHES POR TELEFONE (novos): 119

✅ TOTAL DE MATCHES: 770
   Email: 651 (84.5%)
   Telefone: 119 (15.5%)

======================================================================
DATASET FINAL:
  Total de registros: 124,557
  Total de matches: 770
  Taxa de conversão: 0.62%
  Ganho vs email_only: +119 matches
======================================================================
✅ Matching completo: (124557, 20) → (124557, 21)

🎯 Target criado:
   target=1 (converteu): 770
   target=0 (não converteu): 123,787
   Taxa de conversão: 0.62%

🎓 CÉLULA 17: DEVCLUB + JANELA
FILTRAGEM DEVCLUB - MANTENDO TARGET DO MATCHING INICIAL
======================================================================
Produtos DevClub identificados: 15
Vendas DevClub: 3,588
Emails únicos compradores DevClub: 2,279
Telefones únicos compradores DevClub: 2,281

Matches do matching inicial (célula 15): 770

🔍 ANALISANDO 1 MATCHES DESCARTADOS:
----------------------------------------------------------------------

PRODUTO                                                      QUANTIDADE
----------------------------------------------------------------------
FrontEnd Club                                                         1

TOTAL DE PRODUTOS DIFERENTES:                                         1
TOTAL DE COMPRAS (pode haver duplicatas):                             1

RESULTADO DA FILTRAGEM:
  Matches iniciais: 770
  Matches DevClub mantidos: 769
  Matches descartados (outros produtos): 1
  Taxa de retenção: 99.9%

DETALHAMENTO DOS MATCHES DEVCLUB:
  Matches apenas por email: 71
  Matches apenas por telefone: 119
  Matches por ambos (email E telefone): 579

DATASET V1 DEVCLUB:
  Total de registros: 124,557
  Leads qualificados DevClub: 769
  Taxa de conversão DevClub: 0.62%
  Colunas: 21
✅ Filtro DevClub: (124557, 21) → (124557, 21)

APLICANDO JANELA DE CONVERSÃO (20 DIAS)
======================================================================
Data máxima das vendas: 2025-11-03
Data limite dos leads (vendas - 20 dias): 2025-10-14

ANTES DO FILTRO:
  Total de leads: 124,557
  Target=1: 769 (0.62%)
  Período: 2025-03-01 a 2025-11-04

DEPOIS DO FILTRO:
  Total de leads: 108,700
  Target=1: 769 (0.71%)
  Período: 2025-03-01 a 2025-11-04

REMOVIDOS:
  Leads removidos: 15,857 (12.7%)
  Dias removidos: 21
  Target=1 removidos: 0

RAZÃO: Esses 15,857 leads ainda não tiveram 20 dias
       para converter (última venda em 2025-11-03)
✅ Janela de conversão aplicada (20 dias)

🎯 Target após janela:
   target=1: 769
   target=0: 107,931
   Taxa de conversão: 0.71%

📊 Dataset DevClub (ANTES Feature Engineering):
   Shape: (108700, 21)
   Colunas (21): ['Data', 'Nome Completo', 'E-mail', 'Telefone', 'O seu gênero:', 'Qual a sua idade?', 'O que você faz atualmente?', 'Atualmente, qual a sua faixa salarial?', 'Source', 'Medium', 'Term', 'arquivo_origem', 'aba_origem', 'Você possui cartão de crédito?', 'O que mais você quer ver no evento?', 'Tem computador/notebook?', 'Já estudou programação?', 'Você já fez/faz/pretende fazer faculdade?', 'investiu_curso_online', 'interesse_programacao', 'target']

================================================================================
✨ ADICIONANDO FEATURES TEMPORAIS DE MEDIUM
================================================================================

📊 Dataset base (ANTES de adicionar temporais):
   Registros: 108,700
   Colunas: 21 (inclui Data, Nome, Email, etc.)

================================================================================
ADICIONANDO FEATURES TEMPORAIS DE MEDIUM
================================================================================

Dataset de leads:
  Registros: 108,700
  Período: 2025-03-01 00:00:00 a 2025-11-04 12:38:03

🔄 CALCULANDO FEATURES TEMPORAIS...
============================================================
  Processando 108,700 leads (versão super otimizada)...
  Agregando por dia + Medium...
  Calculando densidades para ~205 dias...
  Aplicando resultados aos leads...

  Calculando tendências...

✅ FEATURES TEMPORAIS CRIADAS:
  - medium_densidade_7d: % de leads com mesmo Medium nos últimos 7 dias
  - medium_densidade_30d: % de leads com mesmo Medium nos últimos 30 dias
  - medium_tendencia: crescendo/decrescendo/estável
  - medium_rank_7d: ranking do Medium por volume (1=mais leads)

📊 ESTATÍSTICAS:
  Densidade 7d  - média: 25.0%, std: 14.5%
  Densidade 30d - média: 23.2%, std: 13.2%

  Tendências:
    Crescendo:   47,428 leads (43.6%)
    Estável:     30,247 leads (27.8%)
    Decrescendo: 31,025 leads (28.5%)

📊 Após adicionar features temporais:
   Colunas: 25
   Features temporais adicionadas (4): ['medium_densidade_30d', 'medium_densidade_7d', 'medium_rank_7d', 'medium_tendencia']

⚙️  CÉLULA 18: FEATURE ENGINEERING COMPLETO
📊 ANTES do FE (dataset COM temporais):
   Shape: (108700, 25)
   Tem Data? True
   Tem features temporais? True
FEATURE ENGINEERING COMPLETO
=============================

Processando DATASET V1 DEVCLUB...
Registros: 108,700
Colunas antes: 25
Nomes das colunas antes:
   1. Data
   2. Nome Completo
   3. E-mail
   4. Telefone
   5. O seu gênero:
   6. Qual a sua idade?
   7. O que você faz atualmente?
   8. Atualmente, qual a sua faixa salarial?
   9. Source
  10. Medium
  11. Term
  12. arquivo_origem
  13. aba_origem
  14. Você possui cartão de crédito?
  15. O que mais você quer ver no evento?
  16. Tem computador/notebook?
  17. Já estudou programação?
  18. Você já fez/faz/pretende fazer faculdade?
  19. investiu_curso_online
  20. interesse_programacao
  21. target
  22. medium_densidade_7d
  23. medium_densidade_30d
  24. medium_rank_7d
  25. medium_tendencia

% de telefones válidos por arquivo de origem:
  LF Lead Score 23.xlsx: 2,025/2,028 (99.9%)
  LEAD SCORE LF 13.xlsx: 3,899/3,902 (99.9%)
  LEAD SCORE LF 17.xlsx: 3,893/3,898 (99.9%)
  LEAD SCORE LF 18.xlsx: 2,060/2,062 (99.9%)
  LF LEADS SCORE 30.xlsx: 4,612/4,622 (99.8%)
  [LF] Pesquisa - Mai25-3.xlsx: 11,244/11,264 (99.8%)
  [LF] Pesquisa - Mai25 33.xlsx: 11,197/11,217 (99.8%)
  Leads Score LF 25.xlsx: 4,367/4,375 (99.8%)
  Lead score LF 24.xlsx: 2,017/2,022 (99.8%)
  LF10 Lead Score.xlsx: 3,556/3,562 (99.8%)
  LF Lead Score 32.xlsx: 7,629/7,641 (99.8%)
  LEAD SCORE LF 12.xlsx: 3,524/3,531 (99.8%)
  LEAD SCORE LF 11.xlsx: 2,100/2,105 (99.8%)
  LEAD SCORE LF 16.xlsx: 2,435/2,439 (99.8%)
  [LF] Pesquisa 31.xlsx: 4,713/4,722 (99.8%)
  LF 29 LEADS SCORE.xlsx: 4,272/4,284 (99.7%)
  LF Lead score 28.xlsx: 4,656/4,670 (99.7%)
  Lead Score LF 22.xlsx: 2,694/2,702 (99.7%)
  Lead Score LF 26.xlsx: 4,671/4,686 (99.7%)
  LEAD SCORE LF 15.xlsx: 1,685/1,690 (99.7%)
  LEAD SCORE LF 14.xlsx: 2,349/2,356 (99.7%)
  LF 34 Leads Score.xlsx: 252/253 (99.6%)
  LF Lead Score 27.xlsx: 4,965/4,984 (99.6%)
  LEAD SCORE LF 21.xlsx: 2,904/2,915 (99.6%)
  LEAD SCORE LF 20.xlsx: 1,704/1,711 (99.6%)
  LEAD SCORE LF 19.xlsx: 2,035/2,044 (99.6%)
  [LF07] Leads_Pesquisa.xlsx: 3,194/3,223 (99.1%)
  [LF08] Pesquisa.xlsx: 3,758/3,792 (99.1%)
Colunas removidas: 7
  - aba_origem
  - arquivo_origem
  - Data
  - Nome Completo
  - E-mail
  - Telefone
  - telefone_normalizado
Colunas depois: 26
Nomes das colunas depois:
   1. O seu gênero:
   2. Qual a sua idade?
   3. O que você faz atualmente?
   4. Atualmente, qual a sua faixa salarial?
   5. Source
   6. Medium
   7. Term
   8. Você possui cartão de crédito?
   9. O que mais você quer ver no evento?
  10. Tem computador/notebook?
  11. Já estudou programação?
  12. Você já fez/faz/pretende fazer faculdade?
  13. investiu_curso_online
  14. interesse_programacao
  15. target
  16. medium_densidade_7d
  17. medium_densidade_30d
  18. medium_rank_7d
  19. medium_tendencia
  20. dia_semana
  21. nome_comprimento
  22. nome_tem_sobrenome
  23. nome_valido
  24. email_valido
  25. telefone_valido
  26. telefone_comprimento

Estatísticas das features criadas:
Nome válido: 108,423 (99.7%)
Nome com sobrenome: 92,493 (85.1%)
Email válido: 107,964 (99.3%)
Telefone válido: 108,410 (99.7%)

Distribuição da feature temporal:
  0 (Segunda): 15,230 (14.0%)
  1 (Terça): 18,997 (17.5%)
  2 (Quarta): 16,534 (15.2%)
  3 (Quinta): 14,487 (13.3%)
  4 (Sexta): 13,911 (12.8%)
  5 (Sábado): 14,066 (12.9%)
  6 (Domingo): 15,475 (14.2%)

============================================================
DATASET FINAL PARA MODELAGEM
============================================================

DATASET V1 DEVCLUB:
  Registros: 108,700
  Colunas: 26
  Target positivo: 769 (0.71%)

Dataset pronto para encoding e modelagem!

📊 DEPOIS do FE:
   Shape: (108700, 26)
   Tem Data? False
   Tem features temporais? True

✨ Features criadas pelo FE (7): ['dia_semana', 'email_valido', 'nome_comprimento', 'nome_tem_sobrenome', 'nome_valido', 'telefone_comprimento', 'telefone_valido']
FEATURE ENGINEERING COMPLETO
=============================

Processando DATASET V1 DEVCLUB...
Registros: 108,700
Colunas antes: 21
Nomes das colunas antes:
   1. Data
   2. Nome Completo
   3. E-mail
   4. Telefone
   5. O seu gênero:
   6. Qual a sua idade?
   7. O que você faz atualmente?
   8. Atualmente, qual a sua faixa salarial?
   9. Source
  10. Medium
  11. Term
  12. arquivo_origem
  13. aba_origem
  14. Você possui cartão de crédito?
  15. O que mais você quer ver no evento?
  16. Tem computador/notebook?
  17. Já estudou programação?
  18. Você já fez/faz/pretende fazer faculdade?
  19. investiu_curso_online
  20. interesse_programacao
  21. target

% de telefones válidos por arquivo de origem:
  LF Lead Score 23.xlsx: 2,025/2,028 (99.9%)
  LEAD SCORE LF 13.xlsx: 3,899/3,902 (99.9%)
  LEAD SCORE LF 17.xlsx: 3,893/3,898 (99.9%)
  LEAD SCORE LF 18.xlsx: 2,060/2,062 (99.9%)
  LF LEADS SCORE 30.xlsx: 4,612/4,622 (99.8%)
  [LF] Pesquisa - Mai25-3.xlsx: 11,244/11,264 (99.8%)
  [LF] Pesquisa - Mai25 33.xlsx: 11,197/11,217 (99.8%)
  Leads Score LF 25.xlsx: 4,367/4,375 (99.8%)
  Lead score LF 24.xlsx: 2,017/2,022 (99.8%)
  LF10 Lead Score.xlsx: 3,556/3,562 (99.8%)
  LF Lead Score 32.xlsx: 7,629/7,641 (99.8%)
  LEAD SCORE LF 12.xlsx: 3,524/3,531 (99.8%)
  LEAD SCORE LF 11.xlsx: 2,100/2,105 (99.8%)
  LEAD SCORE LF 16.xlsx: 2,435/2,439 (99.8%)
  [LF] Pesquisa 31.xlsx: 4,713/4,722 (99.8%)
  LF 29 LEADS SCORE.xlsx: 4,272/4,284 (99.7%)
  LF Lead score 28.xlsx: 4,656/4,670 (99.7%)
  Lead Score LF 22.xlsx: 2,694/2,702 (99.7%)
  Lead Score LF 26.xlsx: 4,671/4,686 (99.7%)
  LEAD SCORE LF 15.xlsx: 1,685/1,690 (99.7%)
  LEAD SCORE LF 14.xlsx: 2,349/2,356 (99.7%)
  LF 34 Leads Score.xlsx: 252/253 (99.6%)
  LF Lead Score 27.xlsx: 4,965/4,984 (99.6%)
  LEAD SCORE LF 21.xlsx: 2,904/2,915 (99.6%)
  LEAD SCORE LF 20.xlsx: 1,704/1,711 (99.6%)
  LEAD SCORE LF 19.xlsx: 2,035/2,044 (99.6%)
  [LF07] Leads_Pesquisa.xlsx: 3,194/3,223 (99.1%)
  [LF08] Pesquisa.xlsx: 3,758/3,792 (99.1%)
Colunas removidas: 7
  - aba_origem
  - arquivo_origem
  - Data
  - Nome Completo
  - E-mail
  - Telefone
  - telefone_normalizado
Colunas depois: 22
Nomes das colunas depois:
   1. O seu gênero:
   2. Qual a sua idade?
   3. O que você faz atualmente?
   4. Atualmente, qual a sua faixa salarial?
   5. Source
   6. Medium
   7. Term
   8. Você possui cartão de crédito?
   9. O que mais você quer ver no evento?
  10. Tem computador/notebook?
  11. Já estudou programação?
  12. Você já fez/faz/pretende fazer faculdade?
  13. investiu_curso_online
  14. interesse_programacao
  15. target
  16. dia_semana
  17. nome_comprimento
  18. nome_tem_sobrenome
  19. nome_valido
  20. email_valido
  21. telefone_valido
  22. telefone_comprimento

Estatísticas das features criadas:
Nome válido: 108,423 (99.7%)
Nome com sobrenome: 92,493 (85.1%)
Email válido: 107,964 (99.3%)
Telefone válido: 108,410 (99.7%)

Distribuição da feature temporal:
  0 (Segunda): 15,230 (14.0%)
  1 (Terça): 18,997 (17.5%)
  2 (Quarta): 16,534 (15.2%)
  3 (Quinta): 14,487 (13.3%)
  4 (Sexta): 13,911 (12.8%)
  5 (Sábado): 14,066 (12.9%)
  6 (Domingo): 15,475 (14.2%)

============================================================
DATASET FINAL PARA MODELAGEM
============================================================

DATASET V1 DEVCLUB:
  Registros: 108,700
  Colunas: 22
  Target positivo: 769 (0.71%)

Dataset pronto para encoding e modelagem!

================================================================================
📊 COMPARAÇÃO: FE PADRÃO vs FE COM TEMPORAIS
================================================================================

1️⃣  FE PADRÃO (sem temporais):
   Colunas: 22

2️⃣  FE COM TEMPORAIS:
   Colunas: 26
   Diferença: +4 colunas

   ✅ Novas features (4): ['medium_densidade_30d', 'medium_densidade_7d', 'medium_rank_7d', 'medium_tendencia']

✅ SUCESSO: Dataset com features temporais + features do FE!

🔢 CÉLULA 20: ENCODING
📊 ANTES do Encoding:
   Shape: (108700, 26)
   Colunas: 26
   Tipos: {dtype('O'): 15, dtype('int64'): 4, dtype('bool'): 4, dtype('float64'): 2, dtype('int32'): 1}
ENCODING ESTRATÉGICO
====================

Processando DATASET V1 DEVCLUB...
Colunas antes do encoding: 26

Colunas ANTES do encoding:
   1. O seu gênero:
   2. Qual a sua idade?
   3. O que você faz atualmente?
   4. Atualmente, qual a sua faixa salarial?
   5. Source
   6. Medium
   7. Term
   8. Você possui cartão de crédito?
   9. O que mais você quer ver no evento?
  10. Tem computador/notebook?
  11. Já estudou programação?
  12. Você já fez/faz/pretende fazer faculdade?
  13. investiu_curso_online
  14. interesse_programacao
  15. target
  16. medium_densidade_7d
  17. medium_densidade_30d
  18. medium_rank_7d
  19. medium_tendencia
  20. dia_semana
  21. nome_comprimento
  22. nome_tem_sobrenome
  23. nome_valido
  24. email_valido
  25. telefone_valido
  26. telefone_comprimento

Aplicando ORDINAL ENCODING:
  Qual a sua idade?: 6 categorias → 0-5
  Atualmente, qual a sua faixa salarial?: 5 categorias → 0-4
  dia_semana: mantido como numérico (0-6)

Aplicando ONE-HOT ENCODING para 19 variáveis:

Colunas DEPOIS do encoding:
   1. Qual a sua idade?
   2. Atualmente, qual a sua faixa salarial?
   3. target
   4. medium_densidade_7d
   5. medium_densidade_30d
   6. dia_semana
   7. nome_comprimento
   8. O seu gênero:_Feminino
   9. O seu gênero:_Masculino
  10. O que você faz atualmente?_Não trabalho e nem estudo
  11. O que você faz atualmente?_Sou CLT/Funcionário Público
  12. O que você faz atualmente?_Sou apenas estudante
  13. O que você faz atualmente?_Sou aposentado
  14. O que você faz atualmente?_Sou autônomo
  15. Source_facebook-ads
  16. Source_google-ads
  17. Source_outros
  18. Medium_Aberto
  19. Medium_Interesse Programação
  20. Medium_Linguagem de programação
  21. Medium_Lookalike 1% Cadastrados - DEV 2.0 + Interesse Ciência da Computação
  22. Medium_Lookalike 2% Alunos + Interesse Linguagem de Programação
  23. Medium_Lookalike 2% Cadastrados - DEV 2.0 + Interesses
  24. Medium_Outros
  25. Medium_dgen
  26. Term_facebook
  27. Term_instagram
  28. Term_outros
  29. Você possui cartão de crédito?_Não
  30. Você possui cartão de crédito?_Sim
  31. O que mais você quer ver no evento?_A aula com a recrutadora
  32. O que mais você quer ver no evento?_Fazer freelancer como programador
  33. O que mais você quer ver no evento?_Fazer transição de carreira e conseguir meu primeiro emprego na área
  34. O que mais você quer ver no evento?_Fazer um projeto na prática
  35. O que mais você quer ver no evento?_Quero saber se é para mim
  36. Tem computador/notebook?_Não
  37. Tem computador/notebook?_Sim
  38. Já estudou programação?_Não
  39. Já estudou programação?_Sim
  40. Você já fez/faz/pretende fazer faculdade?_Não
  41. Você já fez/faz/pretende fazer faculdade?_Sim
  42. investiu_curso_online_Não
  43. investiu_curso_online_Sim
  44. interesse_programacao_A ideia de nunca faltar emprego na área
  45. interesse_programacao_A possibilidade de ganhar altos salários
  46. interesse_programacao_Poder trabalhar de qualquer lugar do mundo
  47. interesse_programacao_Todas as alternativas
  48. interesse_programacao_Trabalhar para outros países e ganhar em outra moeda
  49. medium_rank_7d_0
  50. medium_rank_7d_1
  51. medium_rank_7d_2
  52. medium_rank_7d_3
  53. medium_rank_7d_4
  54. medium_rank_7d_5
  55. medium_rank_7d_6
  56. medium_rank_7d_7
  57. medium_rank_7d_8
  58. medium_tendencia_crescendo
  59. medium_tendencia_decrescendo
  60. medium_tendencia_estável
  61. nome_tem_sobrenome_False
  62. nome_tem_sobrenome_True
  63. nome_valido_False
  64. nome_valido_True
  65. email_valido_False
  66. email_valido_True
  67. telefone_valido_False
  68. telefone_valido_True
  69. telefone_comprimento_4
  70. telefone_comprimento_9
  71. telefone_comprimento_10
  72. telefone_comprimento_11
  O seu gênero:: 2 categorias → 2 colunas binárias
  O que você faz atualmente?: 5 categorias → 5 colunas binárias
  Source: 3 categorias → 3 colunas binárias
  Medium: 8 categorias → 8 colunas binárias
  Term: 3 categorias → 3 colunas binárias
  Você possui cartão de crédito?: 2 categorias → 2 colunas binárias
  O que mais você quer ver no evento?: 5 categorias → 5 colunas binárias
  Tem computador/notebook?: 2 categorias → 2 colunas binárias
  Já estudou programação?: 2 categorias → 2 colunas binárias
  Você já fez/faz/pretende fazer faculdade?: 2 categorias → 2 colunas binárias
  investiu_curso_online: 2 categorias → 2 colunas binárias
  interesse_programacao: 5 categorias → 5 colunas binárias
  medium_rank_7d: 9 categorias → 9 colunas binárias
  medium_tendencia: 3 categorias → 3 colunas binárias
  nome_tem_sobrenome: 2 categorias → 2 colunas binárias
  nome_valido: 2 categorias → 2 colunas binárias
  email_valido: 2 categorias → 2 colunas binárias
  telefone_valido: 2 categorias → 2 colunas binárias
  telefone_comprimento: 5 categorias → 5 colunas binárias

Resultado:
  Colunas one-hot originais: 19
  Colunas binárias criadas: 46
  Total de colunas final: 72

Tipos de dados no dataset final:
  int64: 67 colunas
  float64: 4 colunas
  int32: 1 colunas

============================================================
DATASET FINAL ENCODADO
============================================================

DATASET V1 DEVCLUB:
  Registros: 108,700
  Colunas: 72
  Target positivo: 769 (0.71%)

VERIFICAÇÃO DA FEATURE telefone_comprimento_8:
  DATASET V1 DEVCLUB: AUSENTE

Dataset encodado está pronto para modelagem!

📊 DEPOIS do Encoding:
   Shape: (108700, 72)
   Colunas: 72
   Tipos: {dtype('int64'): 67, dtype('float64'): 4, dtype('int32'): 1}

✨ Explosão de features: 26 → 72 (+46)

✅ Índices alinhados:
   Dataset original: 108700 registros
   Dataset encoded: 108700 registros

================================================================================
🤖 TREINANDO MODELO COM FEATURES DE TRÁFEGO
================================================================================
REGISTRO DE FEATURES E MODELO DEVCLUB PARA PRODUÇÃO
====================================================

1. PREPARANDO DADOS E TREINANDO MODELO FINAL
--------------------------------------------------
Dataset: 108,700 registros
Colunas totais: 72
Colunas excluídas do treinamento:
  - target
Features para treinamento: 71
Target: 769 positivos (0.71%)

Split temporal (70% dos dias):
  Período: 2025-03-01 a 2025-11-04
  Data corte: 2025-08-21
  Treino: 51,722 registros (47.6%)
  Teste: 56,978 registros (52.4%)
  Taxa treino: 0.91%
  Taxa teste: 0.52%
Modelo treinado - AUC: 0.732
Feature importance calculada para 71 features

2. CRIANDO FEATURE REGISTRY
--------------------------------------------------
Feature registry criado:
  - Features UTM: 14
  - Features Pesquisa: 23
  - Features Derivadas: 14
  - Features Outras: 20

3. CRIANDO METADADOS DO MODELO
--------------------------------------------------

================================================================================
CALCULANDO THRESHOLDS FIXOS DE DECIS
================================================================================

📊 Validando thresholds: classificando test set...

================================================================================
COMPARAÇÃO: pd.qcut vs Thresholds Fixos
================================================================================
Decil    pd.qcut      Threshold    Diferença    % Diff    
--------------------------------------------------------------------------------
D1       5698         5698                   +0      +0.0%
D2       5698         5698                   +0      +0.0%
D3       5698         5698                   +0      +0.0%
D4       5697         5697                   +0      +0.0%
D5       5698         5698                   +0      +0.0%
D6       5698         5698                   +0      +0.0%
D7       5697         5697                   +0      +0.0%
D8       5698         5698                   +0      +0.0%
D9       5698         5698                   +0      +0.0%
D10      5698         5698                   +0      +0.0%
================================================================================

✅ Validação concluída:
   Diferença média: 0.0 leads por decil
   Diferença máxima: 0 leads
   Diferença máxima %: 0.0%
================================================================================
Metadados do modelo criados:
  - AUC: 0.732
  - Top 3 decis: 66.6%
  - Lift máximo: 2.4x
  - Monotonia: 88.9%
✓ Modelo registrado no MLflow

4. ARQUIVOS LOCAIS NÃO SALVOS (--save-files=False)
--------------------------------------------------
Use --save-files para salvar arquivos locais
✓ Metadados registrados no MLflow

==================================================
MODELO DEVCLUB REGISTRADO COM SUCESSO
==================================================
Modelo: v1_devclub_rf_temporal_single
Algoritmo: RandomForestClassifier
Split: temporal
Matching: email_telefone
AUC: 0.732
Monotonia: 88.9%
Features: 71
MLflow Run ID: 4319df64d7e043159a25514b45df79ed
Arquivos locais: não salvos

================================================================================
🎉 EXPERIMENTO CONCLUÍDO
================================================================================
MLflow Run ID: N/A

📊 MÉTRICAS:
   AUC: 0.7323
   Top 3 Decis: 66.55%
   Lift Máximo: 2.43x
   Monotonia: 88.9%

🔢 FEATURES:
   Total: 71
   Temporal: 4

💡 PRÓXIMOS PASSOS:
   1. Comparar com baseline no MLflow UI:
      mlflow ui --backend-store-uri sqlite:///mlflow.db
   2. Ou usar: python tests/compare_mlflow_runs.py

✅ Experimento finalizado com sucesso!
   Run ID: N/A
